C51 COMPILER V9.56.0.0   I2C                                                               07/04/2024 20:22:23 PAGE 1   


C51 COMPILER V9.56.0.0, COMPILATION OF MODULE I2C
OBJECT MODULE PLACED IN .\Objects\I2C.obj
COMPILER INVOKED BY: C:\dev\keil\C51\BIN\C51.EXE tools\I2C.c OPTIMIZE(8,SPEED) BROWSE DEBUG OBJECTEXTEND PRINT(.\Listing
                    -s\I2C.lst) TABS(2) OBJECT(.\Objects\I2C.obj)

line level    source

   1          #include <REGX52.H>
   2          #define uchar unsigned char
   3          
   4          /*引脚配置*/
   5          sbit SCL=P1^0;
   6          sbit SDA=P1^1;
   7          
   8          //I2C通信基本时序块
   9          
  10          //起始时序块
  11          void start (){
  12   1        SCL=1;
  13   1        SDA=1;
  14   1        SDA=0;
  15   1        SCL=0;
  16   1      }
  17          //停止时序块
  18          void stop (){
  19   1        //SCL=0;
  20   1        SDA=0;
  21   1        SCL=1;
  22   1        SDA=1;
  23   1      }
  24          //发送一个字节
  25          void send_byte(uchar byte){
  26   1        uchar i;
  27   1        for(i=0;i<8;i++){
  28   2          SDA= byte & (0x80>>i);//依次从高到低取一位发送
  29   2          SCL=1;
  30   2          SCL=0;
  31   2        }
  32   1      }
  33          //接收一个字节（需要释放SDA）
  34          uchar accept_byte(){
  35   1        uchar i,byte;
  36   1        SDA=1;//释放SDA控制权
  37   1        for(i=0;i<8;i++){
  38   2          SCL=1;
  39   2          if(SDA)byte=byte|(0x80>>i);
  40   2          SCL=0;
  41   2        }
  42   1        return byte;
  43   1      }
  44          
  45          //发送应答(接收一帧数据之后应答对方，SDA=0，表示应答，反之)
  46          void send_response(){
  47   1        SDA=0;
  48   1        SCL=1;
  49   1        SCL=0;
  50   1      }
  51          //接收应答(需要释放SDA，发送完一帧数据之后等待对方应答，SDA=0，表示应答，
             -之)
  52          bit  accept_response(){
  53   1        bit ask;
C51 COMPILER V9.56.0.0   I2C                                                               07/04/2024 20:22:23 PAGE 2   

  54   1        SDA=1;//释放SDA控制权
  55   1        SCL=1;
  56   1        ask=SDA;
  57   1        SCL=0;
  58   1        return ask;
  59   1      }
  60          
  61          


MODULE INFORMATION:   STATIC OVERLAYABLE
   CODE SIZE        =    106    ----
   CONSTANT SIZE    =   ----    ----
   XDATA SIZE       =   ----    ----
   PDATA SIZE       =   ----    ----
   DATA SIZE        =   ----    ----
   IDATA SIZE       =   ----    ----
   BIT SIZE         =   ----       1
END OF MODULE INFORMATION.


C51 COMPILATION COMPLETE.  0 WARNING(S),  0 ERROR(S)
