C51 COMPILER V9.56.0.0   INIT_TIMER                                                        07/04/2024 20:22:23 PAGE 1   


C51 COMPILER V9.56.0.0, COMPILATION OF MODULE INIT_TIMER
OBJECT MODULE PLACED IN .\Objects\init_timer.obj
COMPILER INVOKED BY: C:\dev\keil\C51\BIN\C51.EXE tools\init_timer.c OPTIMIZE(8,SPEED) BROWSE DEBUG OBJECTEXTEND PRINT(.\
                    -Listings\init_timer.lst) TABS(2) OBJECT(.\Objects\init_timer.obj)

line level    source

   1          #include <REGX52.H>
   2          #define uint unsigned int
   3          #define uchar unsigned char
   4          /*******************************************************************************
   5          * function_name            : 
   6          * functional_description   :
   7          * parametric_1_description : bit select_timer0_OR_1 选择初始化的定时器0_1
   8          * parametric_2_description : uchar select_pattern0_1_2_3  选择工作方式
   9            parametric_2_description : uchar times_us,float frequency  定时时间，与晶振频率
  10          *******************************************************************************/
  11          
  12          uint init_timer(bit select_timer0_OR_1,uchar select_pattern0_1_2_3,uint times_us,float frequency,bit is_st
             -art){
  13   1        uint num=0;
  14   1        
  15   1        if(select_timer0_OR_1==0){
  16   2          TMOD&=0xf0;
  17   2          if(select_pattern0_1_2_3==0){
  18   3            TMOD|=0X00;//0000 0000 选择定时器0/工作方式选择方式0
  19   3            num=(uint)8192-(times_us*frequency)/12;
  20   3            num&=0x7fff;
  21   3            TH0=num>>8;
  22   3            TL0=num;
  23   3          }else if(select_pattern0_1_2_3==1){
  24   3            TMOD|=0X01;//0000 0001 选择定时器0/工作方式选择方式1
  25   3            num=(uint)65536-(times_us*frequency)/12;
  26   3            TH0=num>>8;
  27   3            TL0=num;
  28   3          }else if(select_pattern0_1_2_3==2){
  29   3            TMOD|=0X02;//0000 0010 选择定时器0/工作方式选择方式2
  30   3            num=(uint)256-(times_us*frequency)/12;
  31   3            TH0=TL0=num;
  32   3          }else{
  33   3            TMOD|=0X03;//0000 0011 选择定时器0/工作方式选择方式3
  34   3            num=(uint)256-(times_us*frequency)/12;
  35   3            TH0=TL0=num;
  36   3          }
  37   2            ET0=1;
  38   2            EA=1;
  39   2          if(is_start){
  40   3            TR0=1;
  41   3          }
  42   2          
  43   2        }else{
  44   2          TMOD&=0x0f;
  45   2          if(select_pattern0_1_2_3==0){
  46   3            TMOD|=0X00;//0000 0000 选择定时器1/工作方式选择方式0
  47   3            num=(uint)8192-(times_us*frequency)/12;
  48   3            num&=0x7fff;
  49   3            TH0=num>>8;
  50   3            TL0=num;
  51   3          }else if(select_pattern0_1_2_3==1){
  52   3            TMOD|=0X10;//0001 0000 选择定时器1/工作方式选择方式1
  53   3            num=(uint)65536-(times_us*frequency)/12;
C51 COMPILER V9.56.0.0   INIT_TIMER                                                        07/04/2024 20:22:23 PAGE 2   

  54   3            TH0=num>>8;
  55   3            TL0=num;
  56   3          }else if(select_pattern0_1_2_3==2){
  57   3            TMOD|=0X20;//0010 0000 选择定时器1/工作方式选择方式2
  58   3            num=(uint)256-(times_us*frequency)/12;
  59   3            TH0=TL0=num;
  60   3          }else{
  61   3            TMOD|=0X30;//0011 0000 选择定时器1/工作方式选择方式3
  62   3            num=(uint)256-(times_us*frequency)/12;
  63   3            TH0=TL0=num;
  64   3          }
  65   2            ET1=1;
  66   2            EA=1;
  67   2          if(is_start){
  68   3            TR1=1;
  69   3          }   
  70   2        }
  71   1        return num;
  72   1      }


MODULE INFORMATION:   STATIC OVERLAYABLE
   CODE SIZE        =    421    ----
   CONSTANT SIZE    =   ----    ----
   XDATA SIZE       =   ----    ----
   PDATA SIZE       =   ----    ----
   DATA SIZE        =   ----       7
   IDATA SIZE       =   ----    ----
   BIT SIZE         =   ----       2
END OF MODULE INFORMATION.


C51 COMPILATION COMPLETE.  0 WARNING(S),  0 ERROR(S)
